<?xml version="1.0" encoding="UTF-8"?>
<testsuite xmlns:xsi="http://www.w3.org/2001/XMLSchema-instance" xsi:noNamespaceSchemaLocation="https://maven.apache.org/surefire/maven-surefire-plugin/xsd/surefire-test-report-3.0.xsd" version="3.0" name="TestSuite" time="15.675" tests="1" errors="0" skipped="0" failures="0">
  <properties>
[...]
</properties>
  <testcase name="changeAccountInfo" classname="framework.test.AuthorizeUserTests" time="5.687">
    <system-out><![CDATA[2024-05-18 03:50:07,195 INFO  [main] framework.page.LoginPage.openPage(LoginPage.java:43) Login page opened
2024-05-18 03:50:07,263 INFO  [main] framework.page.LoginPage.login(LoginPage.java:50) Input username
2024-05-18 03:50:07,336 INFO  [main] framework.page.LoginPage.login(LoginPage.java:52) Input password
2024-05-18 03:50:09,947 INFO  [main] framework.page.LoginPage.login(LoginPage.java:54) Login performed
2024-05-18 03:50:09,961 INFO  [main] framework.page.AccountPage.editProfile(AccountPage.java:31) Start editing
2024-05-18 03:50:10,062 INFO  [main] framework.page.AccountPage.editProfile(AccountPage.java:33) Extract test data annotation
2024-05-18 03:50:10,125 INFO  [main] framework.page.AccountPage.editProfile(AccountPage.java:36) Input annotation
2024-05-18 03:50:10,232 INFO  [main] framework.page.AccountPage.editProfile(AccountPage.java:38) Save changes
]]></system-out>
    <system-err><![CDATA[SLF4J(W): No SLF4J providers were found.
SLF4J(W): Defaulting to no-operation (NOP) logger implementation
SLF4J(W): See https://www.slf4j.org/codes.html#noProviders for further details.
]]></system-err>
  </testcase>
</testsuite>