<?xml version="1.0" encoding="UTF-8"?>
<testng-results ignored="0" total="1" passed="1" failed="0" skipped="0">
  <reporter-output>
  </reporter-output>
  <suite started-at="2024-05-18T03:50:01 MSK" name="Smoke" finished-at="2024-05-18T03:50:16 MSK" duration-ms="14953">
    <groups>
    </groups>
    <test started-at="2024-05-18T03:50:01 MSK" name="UserAccess" finished-at="2024-05-18T03:50:16 MSK" duration-ms="14953">
      <class name="framework.test.AuthorizeUserTests">
        <test-method is-config="true" signature="setUp()[pri:0, instance:framework.test.AuthorizeUserTests@2e005c4b]" started-at="2024-05-18T03:50:01 MSK" name="setUp" finished-at="2024-05-18T03:50:04 MSK" duration-ms="2948" status="PASS">
          <reporter-output>
          </reporter-output>
        </test-method> <!-- setUp -->
        <test-method signature="changeAccountInfo()[pri:0, instance:framework.test.AuthorizeUserTests@2e005c4b]" started-at="2024-05-18T03:50:04 MSK" name="changeAccountInfo" finished-at="2024-05-18T03:50:10 MSK" duration-ms="5687" status="PASS">
          <reporter-output>
          </reporter-output>
        </test-method> <!-- changeAccountInfo -->
        <test-method is-config="true" signature="stopBrowser()[pri:0, instance:framework.test.AuthorizeUserTests@2e005c4b]" started-at="2024-05-18T03:50:10 MSK" name="stopBrowser" finished-at="2024-05-18T03:50:16 MSK" duration-ms="6293" status="PASS">
          <reporter-output>
          </reporter-output>
        </test-method> <!-- stopBrowser -->
      </class> <!-- framework.test.AuthorizeUserTests -->
    </test> <!-- UserAccess -->
  </suite> <!-- Smoke -->
</testng-results>
